15:01:40 **** Incremental Build of configuration Debug for project hello ****
make -j8 all 
arm-none-eabi-gcc "../Core/Src/main.c" -mcpu=cortex-m4 -std=gnu11 -g3 -DDEBUG -DUSE_HAL_DRIVER -DSTM32L4R5xx -c -I../Core/Inc -I../Drivers/STM32L4xx_HAL_Driver/Inc -I../Drivers/STM32L4xx_HAL_Driver/Inc/Legacy -I../Drivers/CMSIS/Device/ST/STM32L4xx/Include -I../Drivers/CMSIS/Include -O0 -ffunction-sections -fdata-sections -Wall -fstack-usage -fcyclomatic-complexity -MMD -MP -MF"Core/Src/main.d" -MT"Core/Src/main.o" --specs=nano.specs -mfpu=fpv4-sp-d16 -mfloat-abi=hard -mthumb -o "Core/Src/main.o"
arm-none-eabi-gcc -o "hello.elf" @"objects.list"   -mcpu=cortex-m4 -T"C:\Users\baron\OneDrive\skola\data\5_semestr\SRC\STM32\hello\STM32L4R5ZITX_FLASH.ld" --specs=nosys.specs -Wl,-Map="hello.map" -Wl,--gc-sections -static --specs=nano.specs -mfpu=fpv4-sp-d16 -mfloat-abi=hard -mthumb -Wl,--start-group -lc -lm -Wl,--end-group
C:/ST/STM32CubeIDE_1.16.1/STM32CubeIDE/plugins/com.st.stm32cube.ide.mcu.externaltools.gnu-tools-for-stm32.12.3.rel1.win32_1.0.200.202406191623/tools/bin/../lib/gcc/arm-none-eabi/12.3.1/../../../../arm-none-eabi/bin/ld.exe: ./Core/Src/stm32l4xx_hal_msp.o: in function `HAL_MspInit':
C:/Users/baron/OneDrive/skola/data/5_semestr/SRC/STM32/hello/Debug/../Core/Src/stm32l4xx_hal_msp.c:65: multiple definition of `HAL_MspInit'; ./Core/Src/main.o:C:/Users/baron/OneDrive/skola/data/5_semestr/SRC/STM32/hello/Debug/../Core/Src/main.c:65: first defined here
C:/ST/STM32CubeIDE_1.16.1/STM32CubeIDE/plugins/com.st.stm32cube.ide.mcu.externaltools.gnu-tools-for-stm32.12.3.rel1.win32_1.0.200.202406191623/tools/bin/../lib/gcc/arm-none-eabi/12.3.1/../../../../arm-none-eabi/bin/ld.exe: ./Core/Src/stm32l4xx_hal_msp.o: in function `HAL_ADC_MspInit':
C:/Users/baron/OneDrive/skola/data/5_semestr/SRC/STM32/hello/Debug/../Core/Src/stm32l4xx_hal_msp.c:88: multiple definition of `HAL_ADC_MspInit'; ./Core/Src/main.o:C:/Users/baron/OneDrive/skola/data/5_semestr/SRC/STM32/hello/Debug/../Core/Src/main.c:88: first defined here
C:/ST/STM32CubeIDE_1.16.1/STM32CubeIDE/plugins/com.st.stm32cube.ide.mcu.externaltools.gnu-tools-for-stm32.12.3.rel1.win32_1.0.200.202406191623/tools/bin/../lib/gcc/arm-none-eabi/12.3.1/../../../../arm-none-eabi/bin/ld.exe: ./Core/Src/stm32l4xx_hal_msp.o: in function `HAL_ADC_MspDeInit':
C:/Users/baron/OneDrive/skola/data/5_semestr/SRC/STM32/hello/Debug/../Core/Src/stm32l4xx_hal_msp.c:144: multiple definition of `HAL_ADC_MspDeInit'; ./Core/Src/main.o:C:/Users/baron/OneDrive/skola/data/5_semestr/SRC/STM32/hello/Debug/../Core/Src/main.c:143: first defined here
C:/ST/STM32CubeIDE_1.16.1/STM32CubeIDE/plugins/com.st.stm32cube.ide.mcu.externaltools.gnu-tools-for-stm32.12.3.rel1.win32_1.0.200.202406191623/tools/bin/../lib/gcc/arm-none-eabi/12.3.1/../../../../arm-none-eabi/bin/ld.exe: ./Core/Src/stm32l4xx_hal_msp.o: in function `HAL_DAC_MspInit':
C:/Users/baron/OneDrive/skola/data/5_semestr/SRC/STM32/hello/Debug/../Core/Src/stm32l4xx_hal_msp.c:175: multiple definition of `HAL_DAC_MspInit'; ./Core/Src/main.o:C:/Users/baron/OneDrive/skola/data/5_semestr/SRC/STM32/hello/Debug/../Core/Src/main.c:173: first defined here
C:/ST/STM32CubeIDE_1.16.1/STM32CubeIDE/plugins/com.st.stm32cube.ide.mcu.externaltools.gnu-tools-for-stm32.12.3.rel1.win32_1.0.200.202406191623/tools/bin/../lib/gcc/arm-none-eabi/12.3.1/../../../../arm-none-eabi/bin/ld.exe: ./Core/Src/stm32l4xx_hal_msp.o: in function `HAL_DAC_MspDeInit':
C:/Users/baron/OneDrive/skola/data/5_semestr/SRC/STM32/hello/Debug/../Core/Src/stm32l4xx_hal_msp.c:198: multiple definition of `HAL_DAC_MspDeInit'; ./Core/Src/main.o:C:/Users/baron/OneDrive/skola/data/5_semestr/SRC/STM32/hello/Debug/../Core/Src/main.c:207: first defined here
C:/ST/STM32CubeIDE_1.16.1/STM32CubeIDE/plugins/com.st.stm32cube.ide.mcu.externaltools.gnu-tools-for-stm32.12.3.rel1.win32_1.0.200.202406191623/tools/bin/../lib/gcc/arm-none-eabi/12.3.1/../../../../arm-none-eabi/bin/ld.exe: ./Core/Src/stm32l4xx_hal_msp.o: in function `HAL_UART_MspInit':
C:/Users/baron/OneDrive/skola/data/5_semestr/SRC/STM32/hello/Debug/../Core/Src/stm32l4xx_hal_msp.c:220: multiple definition of `HAL_UART_MspInit'; ./Core/Src/main.o:C:/Users/baron/OneDrive/skola/data/5_semestr/SRC/STM32/hello/Debug/../Core/Src/main.c:235: first defined here
C:/ST/STM32CubeIDE_1.16.1/STM32CubeIDE/plugins/com.st.stm32cube.ide.mcu.externaltools.gnu-tools-for-stm32.12.3.rel1.win32_1.0.200.202406191623/tools/bin/../lib/gcc/arm-none-eabi/12.3.1/../../../../arm-none-eabi/bin/ld.exe: ./Core/Src/stm32l4xx_hal_msp.o: in function `HAL_UART_MspDeInit':
C:/Users/baron/OneDrive/skola/data/5_semestr/SRC/STM32/hello/Debug/../Core/Src/stm32l4xx_hal_msp.c:302: multiple definition of `HAL_UART_MspDeInit'; ./Core/Src/main.o:C:/Users/baron/OneDrive/skola/data/5_semestr/SRC/STM32/hello/Debug/../Core/Src/main.c:317: first defined here
C:/ST/STM32CubeIDE_1.16.1/STM32CubeIDE/plugins/com.st.stm32cube.ide.mcu.externaltools.gnu-tools-for-stm32.12.3.rel1.win32_1.0.200.202406191623/tools/bin/../lib/gcc/arm-none-eabi/12.3.1/../../../../arm-none-eabi/bin/ld.exe: ./Core/Src/stm32l4xx_hal_msp.o: in function `HAL_TIM_Base_MspInit':
C:/Users/baron/OneDrive/skola/data/5_semestr/SRC/STM32/hello/Debug/../Core/Src/stm32l4xx_hal_msp.c:349: multiple definition of `HAL_TIM_Base_MspInit'; ./Core/Src/main.o:C:/Users/baron/OneDrive/skola/data/5_semestr/SRC/STM32/hello/Debug/../Core/Src/main.c:364: first defined here
C:/ST/STM32CubeIDE_1.16.1/STM32CubeIDE/plugins/com.st.stm32cube.ide.mcu.externaltools.gnu-tools-for-stm32.12.3.rel1.win32_1.0.200.202406191623/tools/bin/../lib/gcc/arm-none-eabi/12.3.1/../../../../arm-none-eabi/bin/ld.exe: ./Core/Src/stm32l4xx_hal_msp.o: in function `HAL_TIM_Base_MspDeInit':
C:/Users/baron/OneDrive/skola/data/5_semestr/SRC/STM32/hello/Debug/../Core/Src/stm32l4xx_hal_msp.c:399: multiple definition of `HAL_TIM_Base_MspDeInit'; ./Core/Src/main.o:C:/Users/baron/OneDrive/skola/data/5_semestr/SRC/STM32/hello/Debug/../Core/Src/main.c:414: first defined here
C:/ST/STM32CubeIDE_1.16.1/STM32CubeIDE/plugins/com.st.stm32cube.ide.mcu.externaltools.gnu-tools-for-stm32.12.3.rel1.win32_1.0.200.202406191623/tools/bin/../lib/gcc/arm-none-eabi/12.3.1/../../../../arm-none-eabi/bin/ld.exe: ./Core/Src/stm32l4xx_hal_msp.o: in function `HAL_PCD_MspInit':
C:/Users/baron/OneDrive/skola/data/5_semestr/SRC/STM32/hello/Debug/../Core/Src/stm32l4xx_hal_msp.c:449: multiple definition of `HAL_PCD_MspInit'; ./Core/Src/main.o:C:/Users/baron/OneDrive/skola/data/5_semestr/SRC/STM32/hello/Debug/../Core/Src/main.c:464: first defined here
C:/ST/STM32CubeIDE_1.16.1/STM32CubeIDE/plugins/com.st.stm32cube.ide.mcu.externaltools.gnu-tools-for-stm32.12.3.rel1.win32_1.0.200.202406191623/tools/bin/../lib/gcc/arm-none-eabi/12.3.1/../../../../arm-none-eabi/bin/ld.exe: ./Core/Src/stm32l4xx_hal_msp.o: in function `HAL_PCD_MspDeInit':
C:/Users/baron/OneDrive/skola/data/5_semestr/SRC/STM32/hello/Debug/../Core/Src/stm32l4xx_hal_msp.c:516: multiple definition of `HAL_PCD_MspDeInit'; ./Core/Src/main.o:C:/Users/baron/OneDrive/skola/data/5_semestr/SRC/STM32/hello/Debug/../Core/Src/main.c:531: first defined here
C:/ST/STM32CubeIDE_1.16.1/STM32CubeIDE/plugins/com.st.stm32cube.ide.mcu.externaltools.gnu-tools-for-stm32.12.3.rel1.win32_1.0.200.202406191623/tools/bin/../lib/gcc/arm-none-eabi/12.3.1/../../../../arm-none-eabi/bin/ld.exe: ./Core/Startup/startup_stm32l4r5zitx.o: in function `Reset_Handler':
C:/Users/baron/OneDrive/skola/data/5_semestr/SRC/STM32/hello/Debug/../Core/Startup/startup_stm32l4r5zitx.s:101: undefined reference to `main'
C:/ST/STM32CubeIDE_1.16.1/STM32CubeIDE/plugins/com.st.stm32cube.ide.mcu.externaltools.gnu-tools-for-stm32.12.3.rel1.win32_1.0.200.202406191623/tools/bin/../lib/gcc/arm-none-eabi/12.3.1/../../../../arm-none-eabi/bin/ld.exe: ./Core/Src/stm32l4xx_it.o: in function `ADC1_IRQHandler':
C:/Users/baron/OneDrive/skola/data/5_semestr/SRC/STM32/hello/Debug/../Core/Src/stm32l4xx_it.c:215: undefined reference to `hadc1'
C:/ST/STM32CubeIDE_1.16.1/STM32CubeIDE/plugins/com.st.stm32cube.ide.mcu.externaltools.gnu-tools-for-stm32.12.3.rel1.win32_1.0.200.202406191623/tools/bin/../lib/gcc/arm-none-eabi/12.3.1/../../../../arm-none-eabi/bin/ld.exe: ./Core/Src/stm32l4xx_it.o: in function `TIM2_IRQHandler':
C:/Users/baron/OneDrive/skola/data/5_semestr/SRC/STM32/hello/Debug/../Core/Src/stm32l4xx_it.c:229: undefined reference to `htim2'
C:/ST/STM32CubeIDE_1.16.1/STM32CubeIDE/plugins/com.st.stm32cube.ide.mcu.externaltools.gnu-tools-for-stm32.12.3.rel1.win32_1.0.200.202406191623/tools/bin/../lib/gcc/arm-none-eabi/12.3.1/../../../../arm-none-eabi/bin/ld.exe: ./Core/Src/stm32l4xx_it.o: in function `TIM7_IRQHandler':
C:/Users/baron/OneDrive/skola/data/5_semestr/SRC/STM32/hello/Debug/../Core/Src/stm32l4xx_it.c:257: undefined reference to `htim7'
collect2.exe: error: ld returned 1 exit status
make: *** [makefile:64: hello.elf] Error 1
"make -j8 all" terminated with exit code 2. Build might be incomplete.

15:01:42 Build Failed. 16 errors, 0 warnings. (took 2s.193ms)

